ERROR - 2023-02-03 10:02:04 --> mysqli_sql_exception: You have an error in your SQL syntax; check the manual that corresponds to your MariaDB server version for the right syntax to use near 'UNSIGNED NOT NULL,
	`stock` INT(11) UNSIGNED NOT NULL,
	`harga` TEXT UNSIGNED...' at line 3 in C:\xampp\htdocs\Project\Kasir\vendor\codeigniter4\framework\system\Database\MySQLi\Connection.php:295
Stack trace:
#0 C:\xampp\htdocs\Project\Kasir\vendor\codeigniter4\framework\system\Database\MySQLi\Connection.php(295): mysqli->query('CREATE TABLE `g...', 0)
#1 C:\xampp\htdocs\Project\Kasir\vendor\codeigniter4\framework\system\Database\BaseConnection.php(691): CodeIgniter\Database\MySQLi\Connection->execute('CREATE TABLE `g...')
#2 C:\xampp\htdocs\Project\Kasir\vendor\codeigniter4\framework\system\Database\BaseConnection.php(605): CodeIgniter\Database\BaseConnection->simpleQuery('CREATE TABLE `g...')
#3 C:\xampp\htdocs\Project\Kasir\vendor\codeigniter4\framework\system\Database\Forge.php(546): CodeIgniter\Database\BaseConnection->query('CREATE TABLE `g...')
#4 C:\xampp\htdocs\Project\Kasir\app\Database\Migrations\2023-02-03-095235_Gudang.php(47): CodeIgniter\Database\Forge->createTable('gudang')
#5 C:\xampp\htdocs\Project\Kasir\vendor\codeigniter4\framework\system\Database\MigrationRunner.php(877): App\Database\Migrations\Gudang->up()
#6 C:\xampp\htdocs\Project\Kasir\vendor\codeigniter4\framework\system\Database\MigrationRunner.php(188): CodeIgniter\Database\MigrationRunner->migrate('up', Object(stdClass))
#7 C:\xampp\htdocs\Project\Kasir\vendor\codeigniter4\framework\system\Commands\Database\Migrate.php(84): CodeIgniter\Database\MigrationRunner->latest(NULL)
#8 C:\xampp\htdocs\Project\Kasir\vendor\codeigniter4\framework\system\CLI\Commands.php(65): CodeIgniter\Commands\Database\Migrate->run(Array)
#9 C:\xampp\htdocs\Project\Kasir\vendor\codeigniter4\framework\system\CLI\Console.php(37): CodeIgniter\CLI\Commands->run('migrate', Array)
#10 C:\xampp\htdocs\Project\Kasir\spark(97): CodeIgniter\CLI\Console->run()
#11 {main}
ERROR - 2023-02-03 10:31:16 --> mysqli_sql_exception: Can't DROP COLUMN `foto`; check that it exists in C:\xampp\htdocs\Project\Kasir\vendor\codeigniter4\framework\system\Database\MySQLi\Connection.php:295
Stack trace:
#0 C:\xampp\htdocs\Project\Kasir\vendor\codeigniter4\framework\system\Database\MySQLi\Connection.php(295): mysqli->query('ALTER TABLE `gu...', 0)
#1 C:\xampp\htdocs\Project\Kasir\vendor\codeigniter4\framework\system\Database\BaseConnection.php(691): CodeIgniter\Database\MySQLi\Connection->execute('ALTER TABLE `gu...')
#2 C:\xampp\htdocs\Project\Kasir\vendor\codeigniter4\framework\system\Database\BaseConnection.php(605): CodeIgniter\Database\BaseConnection->simpleQuery('ALTER TABLE `gu...')
#3 C:\xampp\htdocs\Project\Kasir\vendor\codeigniter4\framework\system\Database\Forge.php(771): CodeIgniter\Database\BaseConnection->query('ALTER TABLE `gu...')
#4 C:\xampp\htdocs\Project\Kasir\app\Database\Migrations\2023-02-03-100928_AddFieldFoto.php(20): CodeIgniter\Database\Forge->dropColumn('gudang', 'foto')
#5 C:\xampp\htdocs\Project\Kasir\vendor\codeigniter4\framework\system\Database\MigrationRunner.php(877): App\Database\Migrations\AddFieldFoto->down()
#6 C:\xampp\htdocs\Project\Kasir\vendor\codeigniter4\framework\system\Database\MigrationRunner.php(299): CodeIgniter\Database\MigrationRunner->migrate('down', Object(stdClass))
#7 C:\xampp\htdocs\Project\Kasir\vendor\codeigniter4\framework\system\Commands\Database\MigrateRollback.php(92): CodeIgniter\Database\MigrationRunner->regress(0)
#8 C:\xampp\htdocs\Project\Kasir\vendor\codeigniter4\framework\system\CLI\Commands.php(65): CodeIgniter\Commands\Database\MigrateRollback->run(Array)
#9 C:\xampp\htdocs\Project\Kasir\vendor\codeigniter4\framework\system\CLI\BaseCommand.php(114): CodeIgniter\CLI\Commands->run('migrate:rollbac...', Array)
#10 C:\xampp\htdocs\Project\Kasir\vendor\codeigniter4\framework\system\Commands\Database\MigrateRefresh.php(84): CodeIgniter\CLI\BaseCommand->call('migrate:rollbac...', Array)
#11 C:\xampp\htdocs\Project\Kasir\vendor\codeigniter4\framework\system\CLI\Commands.php(65): CodeIgniter\Commands\Database\MigrateRefresh->run(Array)
#12 C:\xampp\htdocs\Project\Kasir\vendor\codeigniter4\framework\system\CLI\Console.php(37): CodeIgniter\CLI\Commands->run('migrate:refresh', Array)
#13 C:\xampp\htdocs\Project\Kasir\spark(97): CodeIgniter\CLI\Console->run()
#14 {main}
ERROR - 2023-02-03 10:32:23 --> mysqli_sql_exception: You have an error in your SQL syntax; check the manual that corresponds to your MariaDB server version for the right syntax to use near 'UNSIGNED NOT NULL,
	`stock` INT(11) UNSIGNED NOT NULL,
	`harga` TEXT UNSIGNED...' at line 3 in C:\xampp\htdocs\Project\Kasir\vendor\codeigniter4\framework\system\Database\MySQLi\Connection.php:295
Stack trace:
#0 C:\xampp\htdocs\Project\Kasir\vendor\codeigniter4\framework\system\Database\MySQLi\Connection.php(295): mysqli->query('CREATE TABLE `g...', 0)
#1 C:\xampp\htdocs\Project\Kasir\vendor\codeigniter4\framework\system\Database\BaseConnection.php(691): CodeIgniter\Database\MySQLi\Connection->execute('CREATE TABLE `g...')
#2 C:\xampp\htdocs\Project\Kasir\vendor\codeigniter4\framework\system\Database\BaseConnection.php(605): CodeIgniter\Database\BaseConnection->simpleQuery('CREATE TABLE `g...')
#3 C:\xampp\htdocs\Project\Kasir\vendor\codeigniter4\framework\system\Database\Forge.php(546): CodeIgniter\Database\BaseConnection->query('CREATE TABLE `g...')
#4 C:\xampp\htdocs\Project\Kasir\app\Database\Migrations\2023-02-03-095235_Gudang.php(47): CodeIgniter\Database\Forge->createTable('gudang')
#5 C:\xampp\htdocs\Project\Kasir\vendor\codeigniter4\framework\system\Database\MigrationRunner.php(877): App\Database\Migrations\Gudang->up()
#6 C:\xampp\htdocs\Project\Kasir\vendor\codeigniter4\framework\system\Database\MigrationRunner.php(188): CodeIgniter\Database\MigrationRunner->migrate('up', Object(stdClass))
#7 C:\xampp\htdocs\Project\Kasir\vendor\codeigniter4\framework\system\Commands\Database\Migrate.php(84): CodeIgniter\Database\MigrationRunner->latest(NULL)
#8 C:\xampp\htdocs\Project\Kasir\vendor\codeigniter4\framework\system\CLI\Commands.php(65): CodeIgniter\Commands\Database\Migrate->run(Array)
#9 C:\xampp\htdocs\Project\Kasir\vendor\codeigniter4\framework\system\CLI\BaseCommand.php(114): CodeIgniter\CLI\Commands->run('migrate', Array)
#10 C:\xampp\htdocs\Project\Kasir\vendor\codeigniter4\framework\system\Commands\Database\MigrateRefresh.php(85): CodeIgniter\CLI\BaseCommand->call('migrate', Array)
#11 C:\xampp\htdocs\Project\Kasir\vendor\codeigniter4\framework\system\CLI\Commands.php(65): CodeIgniter\Commands\Database\MigrateRefresh->run(Array)
#12 C:\xampp\htdocs\Project\Kasir\vendor\codeigniter4\framework\system\CLI\Console.php(37): CodeIgniter\CLI\Commands->run('migrate:refresh', Array)
#13 C:\xampp\htdocs\Project\Kasir\spark(97): CodeIgniter\CLI\Console->run()
#14 {main}
ERROR - 2023-02-03 10:34:43 --> mysqli_sql_exception: You have an error in your SQL syntax; check the manual that corresponds to your MariaDB server version for the right syntax to use near 'UNSIGNED NOT NULL,
	`updated_at` DATETIME UNSIGNED NOT NULL,
	CONSTRAINT `pk_...' at line 7 in C:\xampp\htdocs\Project\Kasir\vendor\codeigniter4\framework\system\Database\MySQLi\Connection.php:295
Stack trace:
#0 C:\xampp\htdocs\Project\Kasir\vendor\codeigniter4\framework\system\Database\MySQLi\Connection.php(295): mysqli->query('CREATE TABLE `g...', 0)
#1 C:\xampp\htdocs\Project\Kasir\vendor\codeigniter4\framework\system\Database\BaseConnection.php(691): CodeIgniter\Database\MySQLi\Connection->execute('CREATE TABLE `g...')
#2 C:\xampp\htdocs\Project\Kasir\vendor\codeigniter4\framework\system\Database\BaseConnection.php(605): CodeIgniter\Database\BaseConnection->simpleQuery('CREATE TABLE `g...')
#3 C:\xampp\htdocs\Project\Kasir\vendor\codeigniter4\framework\system\Database\Forge.php(546): CodeIgniter\Database\BaseConnection->query('CREATE TABLE `g...')
#4 C:\xampp\htdocs\Project\Kasir\app\Database\Migrations\2023-02-03-095235_Gudang.php(47): CodeIgniter\Database\Forge->createTable('gudang')
#5 C:\xampp\htdocs\Project\Kasir\vendor\codeigniter4\framework\system\Database\MigrationRunner.php(877): App\Database\Migrations\Gudang->up()
#6 C:\xampp\htdocs\Project\Kasir\vendor\codeigniter4\framework\system\Database\MigrationRunner.php(188): CodeIgniter\Database\MigrationRunner->migrate('up', Object(stdClass))
#7 C:\xampp\htdocs\Project\Kasir\vendor\codeigniter4\framework\system\Commands\Database\Migrate.php(84): CodeIgniter\Database\MigrationRunner->latest(NULL)
#8 C:\xampp\htdocs\Project\Kasir\vendor\codeigniter4\framework\system\CLI\Commands.php(65): CodeIgniter\Commands\Database\Migrate->run(Array)
#9 C:\xampp\htdocs\Project\Kasir\vendor\codeigniter4\framework\system\CLI\BaseCommand.php(114): CodeIgniter\CLI\Commands->run('migrate', Array)
#10 C:\xampp\htdocs\Project\Kasir\vendor\codeigniter4\framework\system\Commands\Database\MigrateRefresh.php(85): CodeIgniter\CLI\BaseCommand->call('migrate', Array)
#11 C:\xampp\htdocs\Project\Kasir\vendor\codeigniter4\framework\system\CLI\Commands.php(65): CodeIgniter\Commands\Database\MigrateRefresh->run(Array)
#12 C:\xampp\htdocs\Project\Kasir\vendor\codeigniter4\framework\system\CLI\Console.php(37): CodeIgniter\CLI\Commands->run('migrate:refresh', Array)
#13 C:\xampp\htdocs\Project\Kasir\spark(97): CodeIgniter\CLI\Console->run()
#14 {main}
ERROR - 2023-02-03 10:48:35 --> mysqli_sql_exception: Duplicate column name 'created_at' in C:\xampp\htdocs\Project\Kasir\vendor\codeigniter4\framework\system\Database\MySQLi\Connection.php:295
Stack trace:
#0 C:\xampp\htdocs\Project\Kasir\vendor\codeigniter4\framework\system\Database\MySQLi\Connection.php(295): mysqli->query('ALTER TABLE `gu...', 0)
#1 C:\xampp\htdocs\Project\Kasir\vendor\codeigniter4\framework\system\Database\BaseConnection.php(691): CodeIgniter\Database\MySQLi\Connection->execute('ALTER TABLE `gu...')
#2 C:\xampp\htdocs\Project\Kasir\vendor\codeigniter4\framework\system\Database\BaseConnection.php(605): CodeIgniter\Database\BaseConnection->simpleQuery('ALTER TABLE `gu...')
#3 C:\xampp\htdocs\Project\Kasir\vendor\codeigniter4\framework\system\Database\Forge.php(745): CodeIgniter\Database\BaseConnection->query('ALTER TABLE `gu...')
#4 C:\xampp\htdocs\Project\Kasir\app\Database\Migrations\2023-02-03-104704_AddTimeStamp.php(13): CodeIgniter\Database\Forge->addColumn('gudang', Array)
#5 C:\xampp\htdocs\Project\Kasir\vendor\codeigniter4\framework\system\Database\MigrationRunner.php(877): App\Database\Migrations\AddTimeStamp->up()
#6 C:\xampp\htdocs\Project\Kasir\vendor\codeigniter4\framework\system\Database\MigrationRunner.php(188): CodeIgniter\Database\MigrationRunner->migrate('up', Object(stdClass))
#7 C:\xampp\htdocs\Project\Kasir\vendor\codeigniter4\framework\system\Commands\Database\Migrate.php(84): CodeIgniter\Database\MigrationRunner->latest(NULL)
#8 C:\xampp\htdocs\Project\Kasir\vendor\codeigniter4\framework\system\CLI\Commands.php(65): CodeIgniter\Commands\Database\Migrate->run(Array)
#9 C:\xampp\htdocs\Project\Kasir\vendor\codeigniter4\framework\system\CLI\Console.php(37): CodeIgniter\CLI\Commands->run('migrate', Array)
#10 C:\xampp\htdocs\Project\Kasir\spark(97): CodeIgniter\CLI\Console->run()
#11 {main}
