CRITICAL - 2023-01-29 07:00:28 --> syntax error, unexpected token "}", expecting ";"
in APPPATH\Controllers\Kasir.php on line 12.
 1 SYSTEMPATH\Autoloader\Autoloader.php(289): CodeIgniter\Autoloader\Autoloader->includeFile('APPPATH\\Controllers\\Kasir.php')
 2 SYSTEMPATH\Autoloader\Autoloader.php(267): CodeIgniter\Autoloader\Autoloader->loadInNamespace('App\\Controllers\\Kasir')
 3 [internal function]: CodeIgniter\Autoloader\Autoloader->loadClass('App\\Controllers\\Kasir')
 4 SYSTEMPATH\CodeIgniter.php(892): class_exists('\\App\\Controllers\\Kasir', true)
 5 SYSTEMPATH\CodeIgniter.php(486): CodeIgniter\CodeIgniter->startController()
 6 SYSTEMPATH\CodeIgniter.php(368): CodeIgniter\CodeIgniter->handleRequest(null, Object(Config\Cache), false)
 7 FCPATH\index.php(67): CodeIgniter\CodeIgniter->run()
CRITICAL - 2023-01-29 07:19:50 --> Invalid file: "Sidebar.php"
in SYSTEMPATH\Exceptions\FrameworkException.php on line 33.
 1 SYSTEMPATH\View\View.php(201): CodeIgniter\Exceptions\FrameworkException::forInvalidFile('Sidebar.php')
 2 SYSTEMPATH\View\View.php(431): CodeIgniter\View\View->render('Sidebar', null, true)
 3 APPPATH\Views\Templates\Template.php(48): CodeIgniter\View\View->include('Sidebar')
 4 SYSTEMPATH\View\View.php(213): include('APPPATH\\Views\\Templates\\Template.php')
 5 SYSTEMPATH\View\View.php(216): CodeIgniter\View\View->CodeIgniter\View\{closure}()
 6 SYSTEMPATH\View\View.php(229): CodeIgniter\View\View->render('Templates/Template', [], true)
 7 SYSTEMPATH\Common.php(1177): CodeIgniter\View\View->render('index', [], true)
 8 APPPATH\Controllers\Kasir.php(11): view('index')
 9 SYSTEMPATH\CodeIgniter.php(934): App\Controllers\Kasir->index()
10 SYSTEMPATH\CodeIgniter.php(499): CodeIgniter\CodeIgniter->runController(Object(App\Controllers\Kasir))
11 SYSTEMPATH\CodeIgniter.php(368): CodeIgniter\CodeIgniter->handleRequest(null, Object(Config\Cache), false)
12 FCPATH\index.php(67): CodeIgniter\CodeIgniter->run()
CRITICAL - 2023-01-29 07:20:14 --> Invalid file: "/Sidebar.php"
in SYSTEMPATH\Exceptions\FrameworkException.php on line 33.
 1 SYSTEMPATH\View\View.php(201): CodeIgniter\Exceptions\FrameworkException::forInvalidFile('/Sidebar.php')
 2 SYSTEMPATH\View\View.php(431): CodeIgniter\View\View->render('/Sidebar', null, true)
 3 APPPATH\Views\Templates\Template.php(48): CodeIgniter\View\View->include('/Sidebar')
 4 SYSTEMPATH\View\View.php(213): include('APPPATH\\Views\\Templates\\Template.php')
 5 SYSTEMPATH\View\View.php(216): CodeIgniter\View\View->CodeIgniter\View\{closure}()
 6 SYSTEMPATH\View\View.php(229): CodeIgniter\View\View->render('Templates/Template', [], true)
 7 SYSTEMPATH\Common.php(1177): CodeIgniter\View\View->render('index', [], true)
 8 APPPATH\Controllers\Kasir.php(11): view('index')
 9 SYSTEMPATH\CodeIgniter.php(934): App\Controllers\Kasir->index()
10 SYSTEMPATH\CodeIgniter.php(499): CodeIgniter\CodeIgniter->runController(Object(App\Controllers\Kasir))
11 SYSTEMPATH\CodeIgniter.php(368): CodeIgniter\CodeIgniter->handleRequest(null, Object(Config\Cache), false)
12 FCPATH\index.php(67): CodeIgniter\CodeIgniter->run()
